Start testing: Feb 06 11:44 CET
----------------------------------------------------------
1/5 Testing: StateMachine
1/5 Test: StateMachine
Command: "/home/yoav/Projects/opencode-sandbox/levin/build-real/liblevin/test_state_machine"
Directory: /home/yoav/Projects/opencode-sandbox/levin/build-real/liblevin
"StateMachine" start time: Feb 06 11:44 CET
Output:
----------------------------------------------------------
Randomness seeded to: 3034564153
===============================================================================
All tests passed (16 assertions in 12 test cases)

<end of output>
Test time =   0.00 sec
----------------------------------------------------------
Test Passed.
"StateMachine" end time: Feb 06 11:44 CET
"StateMachine" time elapsed: 00:00:00
----------------------------------------------------------

2/5 Testing: DiskManager
2/5 Test: DiskManager
Command: "/home/yoav/Projects/opencode-sandbox/levin/build-real/liblevin/test_disk_manager"
Directory: /home/yoav/Projects/opencode-sandbox/levin/build-real/liblevin
"DiskManager" start time: Feb 06 11:44 CET
Output:
----------------------------------------------------------
Randomness seeded to: 79868301
===============================================================================
All tests passed (14 assertions in 8 test cases)

<end of output>
Test time =   0.00 sec
----------------------------------------------------------
Test Passed.
"DiskManager" end time: Feb 06 11:44 CET
"DiskManager" time elapsed: 00:00:00
----------------------------------------------------------

3/5 Testing: DiskDeletion
3/5 Test: DiskDeletion
Command: "/home/yoav/Projects/opencode-sandbox/levin/build-real/liblevin/test_disk_deletion"
Directory: /home/yoav/Projects/opencode-sandbox/levin/build-real/liblevin
"DiskDeletion" start time: Feb 06 11:44 CET
Output:
----------------------------------------------------------
Randomness seeded to: 684630275
===============================================================================
All tests passed (7 assertions in 4 test cases)

<end of output>
Test time =   0.10 sec
----------------------------------------------------------
Test Passed.
"DiskDeletion" end time: Feb 06 11:44 CET
"DiskDeletion" time elapsed: 00:00:00
----------------------------------------------------------

4/5 Testing: CAPI
4/5 Test: CAPI
Command: "/home/yoav/Projects/opencode-sandbox/levin/build-real/liblevin/test_c_api"
Directory: /home/yoav/Projects/opencode-sandbox/levin/build-real/liblevin
"CAPI" start time: Feb 06 11:44 CET
Output:
----------------------------------------------------------
Randomness seeded to: 1867511576
===============================================================================
All tests passed (10 assertions in 8 test cases)

<end of output>
Test time =   0.01 sec
----------------------------------------------------------
Test Passed.
"CAPI" end time: Feb 06 11:44 CET
"CAPI" time elapsed: 00:00:00
----------------------------------------------------------

5/5 Testing: TorrentSession
5/5 Test: TorrentSession
Command: "/home/yoav/Projects/opencode-sandbox/levin/build-real/liblevin/test_torrent_session"
Directory: /home/yoav/Projects/opencode-sandbox/levin/build-real/liblevin
"TorrentSession" start time: Feb 06 11:44 CET
Output:
----------------------------------------------------------
Randomness seeded to: 3461710281
===============================================================================
All tests passed (10 assertions in 5 test cases)

<end of output>
Test time =   0.30 sec
----------------------------------------------------------
Test Passed.
"TorrentSession" end time: Feb 06 11:44 CET
"TorrentSession" time elapsed: 00:00:00
----------------------------------------------------------

End testing: Feb 06 11:44 CET
